Determining if the pthread_create exist failed with the following output:
Change Dir: /home/pilgrim/myServer/build/CMakeFiles/CMakeTmp

Run Build Command:"/usr/bin/make" "cmTC_ac27e/fast"
make[1]: Entering directory '/home/pilgrim/myServer/build/CMakeFiles/CMakeTmp'
/usr/bin/make -f CMakeFiles/cmTC_ac27e.dir/build.make CMakeFiles/cmTC_ac27e.dir/build
make[2]: Entering directory '/home/pilgrim/myServer/build/CMakeFiles/CMakeTmp'
Building C object CMakeFiles/cmTC_ac27e.dir/CheckSymbolExists.c.o
/usr/bin/cc    -o CMakeFiles/cmTC_ac27e.dir/CheckSymbolExists.c.o   -c /home/pilgrim/myServer/build/CMakeFiles/CMakeTmp/CheckSymbolExists.c
Linking C executable cmTC_ac27e
/usr/bin/cmake -E cmake_link_script CMakeFiles/cmTC_ac27e.dir/link.txt --verbose=1
/usr/bin/cc      -rdynamic CMakeFiles/cmTC_ac27e.dir/CheckSymbolExists.c.o  -o cmTC_ac27e 
/usr/bin/ld: CMakeFiles/cmTC_ac27e.dir/CheckSymbolExists.c.o: in function `main':
CheckSymbolExists.c:(.text+0x1f): undefined reference to `pthread_create'
collect2: error: ld returned 1 exit status
make[2]: *** [CMakeFiles/cmTC_ac27e.dir/build.make:87: cmTC_ac27e] Error 1
make[2]: Leaving directory '/home/pilgrim/myServer/build/CMakeFiles/CMakeTmp'
make[1]: *** [Makefile:121: cmTC_ac27e/fast] Error 2
make[1]: Leaving directory '/home/pilgrim/myServer/build/CMakeFiles/CMakeTmp'

File /home/pilgrim/myServer/build/CMakeFiles/CMakeTmp/CheckSymbolExists.c:
/* */
#include <pthread.h>

int main(int argc, char** argv)
{
  (void)argv;
#ifndef pthread_create
  return ((int*)(&pthread_create))[argc];
#else
  (void)argc;
  return 0;
#endif
}

Determining if the function pthread_create exists in the pthreads failed with the following output:
Change Dir: /home/pilgrim/myServer/build/CMakeFiles/CMakeTmp

Run Build Command:"/usr/bin/make" "cmTC_61007/fast"
make[1]: Entering directory '/home/pilgrim/myServer/build/CMakeFiles/CMakeTmp'
/usr/bin/make -f CMakeFiles/cmTC_61007.dir/build.make CMakeFiles/cmTC_61007.dir/build
make[2]: Entering directory '/home/pilgrim/myServer/build/CMakeFiles/CMakeTmp'
Building C object CMakeFiles/cmTC_61007.dir/CheckFunctionExists.c.o
/usr/bin/cc   -DCHECK_FUNCTION_EXISTS=pthread_create   -o CMakeFiles/cmTC_61007.dir/CheckFunctionExists.c.o   -c /usr/share/cmake-3.13/Modules/CheckFunctionExists.c
Linking C executable cmTC_61007
/usr/bin/cmake -E cmake_link_script CMakeFiles/cmTC_61007.dir/link.txt --verbose=1
/usr/bin/cc  -DCHECK_FUNCTION_EXISTS=pthread_create    -rdynamic CMakeFiles/cmTC_61007.dir/CheckFunctionExists.c.o  -o cmTC_61007 -lpthreads 
/usr/bin/ld: cannot find -lpthreads
collect2: error: ld returned 1 exit status
make[2]: *** [CMakeFiles/cmTC_61007.dir/build.make:87: cmTC_61007] Error 1
make[2]: Leaving directory '/home/pilgrim/myServer/build/CMakeFiles/CMakeTmp'
make[1]: *** [Makefile:121: cmTC_61007/fast] Error 2
make[1]: Leaving directory '/home/pilgrim/myServer/build/CMakeFiles/CMakeTmp'


